<?xml version="1.0" encoding="UTF-8"?>
<testng-results skipped="0" failed="1" ignored="0" total="2" passed="1">
  <reporter-output>
  </reporter-output>
  <suite name="Selenium Framework" duration-ms="32527" started-at="2020-09-30T20:13:45Z" finished-at="2020-09-30T20:14:17Z">
    <groups>
    </groups>
    <test name="FrameWork Demo" duration-ms="32527" started-at="2020-09-30T20:13:45Z" finished-at="2020-09-30T20:14:17Z">
      <class name="com.wa.qa.testcases.DashBoardPageTest">
        <test-method status="PASS" signature="setup()[pri:0, instance:com.wa.qa.testcases.DashBoardPageTest@5ed828d]" name="setup" is-config="true" duration-ms="15675" started-at="2020-09-30T20:13:45Z" finished-at="2020-09-30T20:14:00Z">
          <reporter-output>
          </reporter-output>
        </test-method> <!-- setup -->
        <test-method status="PASS" signature="validateCurrentUrl()[pri:0, instance:com.wa.qa.testcases.DashBoardPageTest@5ed828d]" name="validateCurrentUrl" duration-ms="194" started-at="2020-09-30T20:14:00Z" finished-at="2020-09-30T20:14:01Z">
          <reporter-output>
          </reporter-output>
        </test-method> <!-- validateCurrentUrl -->
        <test-method status="PASS" signature="quit()[pri:0, instance:com.wa.qa.testcases.DashBoardPageTest@5ed828d]" name="quit" is-config="true" duration-ms="88" started-at="2020-09-30T20:14:01Z" finished-at="2020-09-30T20:14:01Z">
          <reporter-output>
          </reporter-output>
        </test-method> <!-- quit -->
        <test-method status="PASS" signature="setup()[pri:0, instance:com.wa.qa.testcases.DashBoardPageTest@5ed828d]" name="setup" is-config="true" duration-ms="15034" started-at="2020-09-30T20:14:01Z" finished-at="2020-09-30T20:14:16Z">
          <reporter-output>
          </reporter-output>
        </test-method> <!-- setup -->
        <test-method status="FAIL" signature="validateToolTipContent()[pri:0, instance:com.wa.qa.testcases.DashBoardPageTest@5ed828d]" name="validateToolTipContent" duration-ms="211" started-at="2020-09-30T20:14:16Z" finished-at="2020-09-30T20:14:16Z">
          <exception class="java.lang.AssertionError">
            <message>
              <![CDATA[expected [Passing Incorrect values] but found [MyEvive makes it easier to get the most out of your employee benefits. Manage them all in one place, and get personalized tips and health reminders, too.]]]>
            </message>
            <full-stacktrace>
              <![CDATA[java.lang.AssertionError: expected [Passing Incorrect values] but found [MyEvive makes it easier to get the most out of your employee benefits. Manage them all in one place, and get personalized tips and health reminders, too.]
at org.testng.Assert.fail(Assert.java:96)
at org.testng.Assert.failNotEquals(Assert.java:776)
at org.testng.Assert.assertEqualsImpl(Assert.java:137)
at org.testng.Assert.assertEquals(Assert.java:118)
at org.testng.Assert.assertEquals(Assert.java:453)
at org.testng.Assert.assertEquals(Assert.java:463)
at com.wa.qa.testcases.DashBoardPageTest.validateToolTipContent(DashBoardPageTest.java:40)
at sun.reflect.NativeMethodAccessorImpl.invoke0(Native Method)
at sun.reflect.NativeMethodAccessorImpl.invoke(NativeMethodAccessorImpl.java:62)
at sun.reflect.DelegatingMethodAccessorImpl.invoke(DelegatingMethodAccessorImpl.java:43)
at java.lang.reflect.Method.invoke(Method.java:498)
at org.testng.internal.MethodInvocationHelper.invokeMethod(MethodInvocationHelper.java:124)
at org.testng.internal.Invoker.invokeMethod(Invoker.java:583)
at org.testng.internal.Invoker.invokeTestMethod(Invoker.java:719)
at org.testng.internal.Invoker.invokeTestMethods(Invoker.java:989)
at org.testng.internal.TestMethodWorker.invokeTestMethods(TestMethodWorker.java:125)
at org.testng.internal.TestMethodWorker.run(TestMethodWorker.java:109)
at org.testng.TestRunner.privateRun(TestRunner.java:648)
at org.testng.TestRunner.run(TestRunner.java:505)
at org.testng.SuiteRunner.runTest(SuiteRunner.java:455)
at org.testng.SuiteRunner.runSequentially(SuiteRunner.java:450)
at org.testng.SuiteRunner.privateRun(SuiteRunner.java:415)
at org.testng.SuiteRunner.run(SuiteRunner.java:364)
at org.testng.SuiteRunnerWorker.runSuite(SuiteRunnerWorker.java:52)
at org.testng.SuiteRunnerWorker.run(SuiteRunnerWorker.java:84)
at org.testng.TestNG.runSuitesSequentially(TestNG.java:1208)
at org.testng.TestNG.runSuitesLocally(TestNG.java:1137)
at org.testng.TestNG.runSuites(TestNG.java:1049)
at org.testng.TestNG.run(TestNG.java:1017)
at org.testng.IDEARemoteTestNG.run(IDEARemoteTestNG.java:73)
at org.testng.RemoteTestNGStarter.main(RemoteTestNGStarter.java:123)
]]>
            </full-stacktrace>
          </exception> <!-- java.lang.AssertionError -->
          <reporter-output>
          </reporter-output>
        </test-method> <!-- validateToolTipContent -->
        <test-method status="PASS" signature="quit()[pri:0, instance:com.wa.qa.testcases.DashBoardPageTest@5ed828d]" name="quit" is-config="true" duration-ms="95" started-at="2020-09-30T20:14:17Z" finished-at="2020-09-30T20:14:17Z">
          <reporter-output>
          </reporter-output>
        </test-method> <!-- quit -->
      </class> <!-- com.wa.qa.testcases.DashBoardPageTest -->
    </test> <!-- FrameWork Demo -->
  </suite> <!-- Selenium Framework -->
</testng-results>
